2024-04-02T12:29:51.149+02:00  INFO 23945 --- [AmazonDemo] [main] AmazonDemo.AmazonDemoApplication         : Starting AmazonDemoApplication using Java 17.0.10 with PID 23945 (/home/ant/Documents/Code/Spring/AmazonDemo/bin/main started by ant in /home/ant/Documents/Code/Spring/AmazonDemo)
2024-04-02T12:29:51.158+02:00  INFO 23945 --- [AmazonDemo] [main] AmazonDemo.AmazonDemoApplication         : No active profile set, falling back to 1 default profile: "default"
2024-04-02T12:29:51.891+02:00  INFO 23945 --- [AmazonDemo] [main] .s.d.r.c.RepositoryConfigurationDelegate : Multiple Spring Data modules found, entering strict repository configuration mode
2024-04-02T12:29:51.892+02:00  INFO 23945 --- [AmazonDemo] [main] .s.d.r.c.RepositoryConfigurationDelegate : Bootstrapping Spring Data JDBC repositories in DEFAULT mode.
2024-04-02T12:29:51.926+02:00  INFO 23945 --- [AmazonDemo] [main] .RepositoryConfigurationExtensionSupport : Spring Data JDBC - Could not safely identify store assignment for repository candidate interface AmazonDemo.CatFactEntity.CatFactRepository; If you want this repository to be a JDBC repository, consider annotating your entities with one of these annotations: org.springframework.data.relational.core.mapping.Table.
2024-04-02T12:29:51.928+02:00  INFO 23945 --- [AmazonDemo] [main] .RepositoryConfigurationExtensionSupport : Spring Data JDBC - Could not safely identify store assignment for repository candidate interface AmazonDemo.Product.ProductRepository; If you want this repository to be a JDBC repository, consider annotating your entities with one of these annotations: org.springframework.data.relational.core.mapping.Table.
2024-04-02T12:29:51.930+02:00  INFO 23945 --- [AmazonDemo] [main] .s.d.r.c.RepositoryConfigurationDelegate : Finished Spring Data repository scanning in 32 ms. Found 0 JDBC repository interfaces.
2024-04-02T12:29:51.947+02:00  INFO 23945 --- [AmazonDemo] [main] .s.d.r.c.RepositoryConfigurationDelegate : Multiple Spring Data modules found, entering strict repository configuration mode
2024-04-02T12:29:51.948+02:00  INFO 23945 --- [AmazonDemo] [main] .s.d.r.c.RepositoryConfigurationDelegate : Bootstrapping Spring Data JPA repositories in DEFAULT mode.
2024-04-02T12:29:51.998+02:00  INFO 23945 --- [AmazonDemo] [main] .s.d.r.c.RepositoryConfigurationDelegate : Finished Spring Data repository scanning in 42 ms. Found 2 JPA repository interfaces.
2024-04-02T12:29:52.520+02:00  INFO 23945 --- [AmazonDemo] [main] o.s.b.w.embedded.tomcat.TomcatWebServer  : Tomcat initialized with port 8080 (http)
2024-04-02T12:29:52.530+02:00  INFO 23945 --- [AmazonDemo] [main] o.apache.catalina.core.StandardService   : Starting service [Tomcat]
2024-04-02T12:29:52.531+02:00  INFO 23945 --- [AmazonDemo] [main] o.apache.catalina.core.StandardEngine    : Starting Servlet engine: [Apache Tomcat/10.1.19]
2024-04-02T12:29:52.587+02:00  INFO 23945 --- [AmazonDemo] [main] o.a.c.c.C.[Tomcat].[localhost].[/]       : Initializing Spring embedded WebApplicationContext
2024-04-02T12:29:52.587+02:00  INFO 23945 --- [AmazonDemo] [main] w.s.c.ServletWebServerApplicationContext : Root WebApplicationContext: initialization completed in 1345 ms
2024-04-02T12:29:52.722+02:00  INFO 23945 --- [AmazonDemo] [main] com.zaxxer.hikari.HikariDataSource       : HikariPool-1 - Starting...
2024-04-02T12:29:53.029+02:00  INFO 23945 --- [AmazonDemo] [main] com.zaxxer.hikari.pool.HikariPool        : HikariPool-1 - Added connection com.mysql.cj.jdbc.ConnectionImpl@3cc053
2024-04-02T12:29:53.031+02:00  INFO 23945 --- [AmazonDemo] [main] com.zaxxer.hikari.HikariDataSource       : HikariPool-1 - Start completed.
2024-04-02T12:29:53.087+02:00  INFO 23945 --- [AmazonDemo] [main] o.hibernate.jpa.internal.util.LogHelper  : HHH000204: Processing PersistenceUnitInfo [name: default]
2024-04-02T12:29:53.172+02:00  INFO 23945 --- [AmazonDemo] [main] org.hibernate.Version                    : HHH000412: Hibernate ORM core version 6.4.4.Final
2024-04-02T12:29:53.300+02:00  INFO 23945 --- [AmazonDemo] [main] o.h.c.internal.RegionFactoryInitiator    : HHH000026: Second-level cache disabled
2024-04-02T12:29:53.647+02:00  INFO 23945 --- [AmazonDemo] [main] o.s.o.j.p.SpringPersistenceUnitInfo      : No LoadTimeWeaver setup: ignoring JPA class transformer
2024-04-02T12:29:54.427+02:00  INFO 23945 --- [AmazonDemo] [main] o.h.e.t.j.p.i.JtaPlatformInitiator       : HHH000489: No JTA platform available (set 'hibernate.transaction.jta.platform' to enable JTA platform integration)
2024-04-02T12:29:54.430+02:00  INFO 23945 --- [AmazonDemo] [main] j.LocalContainerEntityManagerFactoryBean : Initialized JPA EntityManagerFactory for persistence unit 'default'
2024-04-02T12:29:54.708+02:00  INFO 23945 --- [AmazonDemo] [main] o.s.d.j.r.query.QueryEnhancerFactory     : JSqlParser is in classpath; If applicable, JSqlParser will be used
2024-04-02T12:29:54.709+02:00  INFO 23945 --- [AmazonDemo] [main] o.s.d.j.r.query.QueryEnhancerFactory     : Hibernate is in classpath; If applicable, HQL parser will be used.
2024-04-02T12:29:55.122+02:00  WARN 23945 --- [AmazonDemo] [main] JpaBaseConfiguration$JpaWebConfiguration : spring.jpa.open-in-view is enabled by default. Therefore, database queries may be performed during view rendering. Explicitly configure spring.jpa.open-in-view to disable this warning
2024-04-02T12:29:55.492+02:00  INFO 23945 --- [AmazonDemo] [main] o.s.b.w.embedded.tomcat.TomcatWebServer  : Tomcat started on port 8080 (http) with context path ''
2024-04-02T12:29:55.507+02:00  INFO 23945 --- [AmazonDemo] [main] AmazonDemo.AmazonDemoApplication         : Started AmazonDemoApplication in 4.753 seconds (process running for 5.124)
2024-04-02T12:31:15.383+02:00  INFO 23945 --- [AmazonDemo] [http-nio-8080-exec-2] o.a.c.c.C.[Tomcat].[localhost].[/]       : Initializing Spring DispatcherServlet 'dispatcherServlet'
2024-04-02T12:31:15.384+02:00  INFO 23945 --- [AmazonDemo] [http-nio-8080-exec-2] o.s.web.servlet.DispatcherServlet        : Initializing Servlet 'dispatcherServlet'
2024-04-02T12:31:15.386+02:00  INFO 23945 --- [AmazonDemo] [http-nio-8080-exec-2] o.s.web.servlet.DispatcherServlet        : Completed initialization in 2 ms
2024-04-02T12:43:34.946+02:00  INFO 28178 --- [AmazonDemo] [main] AmazonDemo.AmazonDemoApplication         : Starting AmazonDemoApplication using Java 17.0.10 with PID 28178 (/home/ant/Documents/Code/Spring/AmazonDemo/bin/main started by ant in /home/ant/Documents/Code/Spring/AmazonDemo)
2024-04-02T12:43:34.949+02:00  INFO 28178 --- [AmazonDemo] [main] AmazonDemo.AmazonDemoApplication         : No active profile set, falling back to 1 default profile: "default"
2024-04-02T12:43:35.800+02:00  INFO 28178 --- [AmazonDemo] [main] .s.d.r.c.RepositoryConfigurationDelegate : Multiple Spring Data modules found, entering strict repository configuration mode
2024-04-02T12:43:35.802+02:00  INFO 28178 --- [AmazonDemo] [main] .s.d.r.c.RepositoryConfigurationDelegate : Bootstrapping Spring Data JDBC repositories in DEFAULT mode.
2024-04-02T12:43:35.838+02:00  INFO 28178 --- [AmazonDemo] [main] .RepositoryConfigurationExtensionSupport : Spring Data JDBC - Could not safely identify store assignment for repository candidate interface AmazonDemo.CatFactEntity.CatFactRepository; If you want this repository to be a JDBC repository, consider annotating your entities with one of these annotations: org.springframework.data.relational.core.mapping.Table.
2024-04-02T12:43:35.839+02:00  INFO 28178 --- [AmazonDemo] [main] .RepositoryConfigurationExtensionSupport : Spring Data JDBC - Could not safely identify store assignment for repository candidate interface AmazonDemo.Product.ProductRepository; If you want this repository to be a JDBC repository, consider annotating your entities with one of these annotations: org.springframework.data.relational.core.mapping.Table.
2024-04-02T12:43:35.840+02:00  INFO 28178 --- [AmazonDemo] [main] .s.d.r.c.RepositoryConfigurationDelegate : Finished Spring Data repository scanning in 34 ms. Found 0 JDBC repository interfaces.
2024-04-02T12:43:35.855+02:00  INFO 28178 --- [AmazonDemo] [main] .s.d.r.c.RepositoryConfigurationDelegate : Multiple Spring Data modules found, entering strict repository configuration mode
2024-04-02T12:43:35.857+02:00  INFO 28178 --- [AmazonDemo] [main] .s.d.r.c.RepositoryConfigurationDelegate : Bootstrapping Spring Data JPA repositories in DEFAULT mode.
2024-04-02T12:43:35.897+02:00  INFO 28178 --- [AmazonDemo] [main] .s.d.r.c.RepositoryConfigurationDelegate : Finished Spring Data repository scanning in 31 ms. Found 2 JPA repository interfaces.
2024-04-02T12:43:36.463+02:00  INFO 28178 --- [AmazonDemo] [main] o.s.b.w.embedded.tomcat.TomcatWebServer  : Tomcat initialized with port 8080 (http)
2024-04-02T12:43:36.475+02:00  INFO 28178 --- [AmazonDemo] [main] o.apache.catalina.core.StandardService   : Starting service [Tomcat]
2024-04-02T12:43:36.476+02:00  INFO 28178 --- [AmazonDemo] [main] o.apache.catalina.core.StandardEngine    : Starting Servlet engine: [Apache Tomcat/10.1.19]
2024-04-02T12:43:36.550+02:00  INFO 28178 --- [AmazonDemo] [main] o.a.c.c.C.[Tomcat].[localhost].[/]       : Initializing Spring embedded WebApplicationContext
2024-04-02T12:43:36.551+02:00  INFO 28178 --- [AmazonDemo] [main] w.s.c.ServletWebServerApplicationContext : Root WebApplicationContext: initialization completed in 1532 ms
2024-04-02T12:43:36.686+02:00  INFO 28178 --- [AmazonDemo] [main] com.zaxxer.hikari.HikariDataSource       : HikariPool-1 - Starting...
2024-04-02T12:43:36.999+02:00  INFO 28178 --- [AmazonDemo] [main] com.zaxxer.hikari.pool.HikariPool        : HikariPool-1 - Added connection com.mysql.cj.jdbc.ConnectionImpl@4bf80c29
2024-04-02T12:43:37.003+02:00  INFO 28178 --- [AmazonDemo] [main] com.zaxxer.hikari.HikariDataSource       : HikariPool-1 - Start completed.
2024-04-02T12:43:37.047+02:00  INFO 28178 --- [AmazonDemo] [main] o.hibernate.jpa.internal.util.LogHelper  : HHH000204: Processing PersistenceUnitInfo [name: default]
2024-04-02T12:43:37.103+02:00  INFO 28178 --- [AmazonDemo] [main] org.hibernate.Version                    : HHH000412: Hibernate ORM core version 6.4.4.Final
2024-04-02T12:43:37.158+02:00  INFO 28178 --- [AmazonDemo] [main] o.h.c.internal.RegionFactoryInitiator    : HHH000026: Second-level cache disabled
2024-04-02T12:43:37.424+02:00  INFO 28178 --- [AmazonDemo] [main] o.s.o.j.p.SpringPersistenceUnitInfo      : No LoadTimeWeaver setup: ignoring JPA class transformer
2024-04-02T12:43:38.433+02:00  INFO 28178 --- [AmazonDemo] [main] o.h.e.t.j.p.i.JtaPlatformInitiator       : HHH000489: No JTA platform available (set 'hibernate.transaction.jta.platform' to enable JTA platform integration)
2024-04-02T12:43:38.436+02:00  INFO 28178 --- [AmazonDemo] [main] j.LocalContainerEntityManagerFactoryBean : Initialized JPA EntityManagerFactory for persistence unit 'default'
2024-04-02T12:43:38.734+02:00  INFO 28178 --- [AmazonDemo] [main] o.s.d.j.r.query.QueryEnhancerFactory     : JSqlParser is in classpath; If applicable, JSqlParser will be used
2024-04-02T12:43:38.735+02:00  INFO 28178 --- [AmazonDemo] [main] o.s.d.j.r.query.QueryEnhancerFactory     : Hibernate is in classpath; If applicable, HQL parser will be used.
2024-04-02T12:43:39.264+02:00  WARN 28178 --- [AmazonDemo] [main] JpaBaseConfiguration$JpaWebConfiguration : spring.jpa.open-in-view is enabled by default. Therefore, database queries may be performed during view rendering. Explicitly configure spring.jpa.open-in-view to disable this warning
2024-04-02T12:43:39.999+02:00  WARN 28178 --- [AmazonDemo] [main] ConfigServletWebServerApplicationContext : Exception encountered during context initialization - cancelling refresh attempt: org.springframework.context.ApplicationContextException: Failed to start bean 'webServerStartStop'
2024-04-02T12:43:40.002+02:00  INFO 28178 --- [AmazonDemo] [main] j.LocalContainerEntityManagerFactoryBean : Closing JPA EntityManagerFactory for persistence unit 'default'
2024-04-02T12:43:40.005+02:00  INFO 28178 --- [AmazonDemo] [main] com.zaxxer.hikari.HikariDataSource       : HikariPool-1 - Shutdown initiated...
2024-04-02T12:43:40.020+02:00  INFO 28178 --- [AmazonDemo] [main] com.zaxxer.hikari.HikariDataSource       : HikariPool-1 - Shutdown completed.
2024-04-02T12:43:40.038+02:00  INFO 28178 --- [AmazonDemo] [main] .s.b.a.l.ConditionEvaluationReportLogger : 

Error starting ApplicationContext. To display the condition evaluation report re-run your application with 'debug' enabled.
2024-04-02T12:43:40.063+02:00 ERROR 28178 --- [AmazonDemo] [main] o.s.b.d.LoggingFailureAnalysisReporter   : 

***************************
APPLICATION FAILED TO START
***************************

Description:

Web server failed to start. Port 8080 was already in use.

Action:

Identify and stop the process that's listening on port 8080 or configure this application to listen on another port.

2024-04-02T12:43:48.883+02:00  INFO 23945 --- [AmazonDemo] [SpringApplicationShutdownHook] j.LocalContainerEntityManagerFactoryBean : Closing JPA EntityManagerFactory for persistence unit 'default'
2024-04-02T12:43:48.885+02:00  INFO 23945 --- [AmazonDemo] [SpringApplicationShutdownHook] com.zaxxer.hikari.HikariDataSource       : HikariPool-1 - Shutdown initiated...
2024-04-02T12:43:48.894+02:00  INFO 23945 --- [AmazonDemo] [SpringApplicationShutdownHook] com.zaxxer.hikari.HikariDataSource       : HikariPool-1 - Shutdown completed.
2024-04-02T12:43:52.697+02:00  INFO 28360 --- [AmazonDemo] [main] AmazonDemo.AmazonDemoApplication         : Starting AmazonDemoApplication using Java 17.0.10 with PID 28360 (/home/ant/Documents/Code/Spring/AmazonDemo/bin/main started by ant in /home/ant/Documents/Code/Spring/AmazonDemo)
2024-04-02T12:43:52.699+02:00  INFO 28360 --- [AmazonDemo] [main] AmazonDemo.AmazonDemoApplication         : No active profile set, falling back to 1 default profile: "default"
2024-04-02T12:43:53.461+02:00  INFO 28360 --- [AmazonDemo] [main] .s.d.r.c.RepositoryConfigurationDelegate : Multiple Spring Data modules found, entering strict repository configuration mode
2024-04-02T12:43:53.462+02:00  INFO 28360 --- [AmazonDemo] [main] .s.d.r.c.RepositoryConfigurationDelegate : Bootstrapping Spring Data JDBC repositories in DEFAULT mode.
2024-04-02T12:43:53.502+02:00  INFO 28360 --- [AmazonDemo] [main] .RepositoryConfigurationExtensionSupport : Spring Data JDBC - Could not safely identify store assignment for repository candidate interface AmazonDemo.CatFactEntity.CatFactRepository; If you want this repository to be a JDBC repository, consider annotating your entities with one of these annotations: org.springframework.data.relational.core.mapping.Table.
2024-04-02T12:43:53.503+02:00  INFO 28360 --- [AmazonDemo] [main] .RepositoryConfigurationExtensionSupport : Spring Data JDBC - Could not safely identify store assignment for repository candidate interface AmazonDemo.Product.ProductRepository; If you want this repository to be a JDBC repository, consider annotating your entities with one of these annotations: org.springframework.data.relational.core.mapping.Table.
2024-04-02T12:43:53.504+02:00  INFO 28360 --- [AmazonDemo] [main] .s.d.r.c.RepositoryConfigurationDelegate : Finished Spring Data repository scanning in 37 ms. Found 0 JDBC repository interfaces.
2024-04-02T12:43:53.520+02:00  INFO 28360 --- [AmazonDemo] [main] .s.d.r.c.RepositoryConfigurationDelegate : Multiple Spring Data modules found, entering strict repository configuration mode
2024-04-02T12:43:53.524+02:00  INFO 28360 --- [AmazonDemo] [main] .s.d.r.c.RepositoryConfigurationDelegate : Bootstrapping Spring Data JPA repositories in DEFAULT mode.
2024-04-02T12:43:53.576+02:00  INFO 28360 --- [AmazonDemo] [main] .s.d.r.c.RepositoryConfigurationDelegate : Finished Spring Data repository scanning in 45 ms. Found 2 JPA repository interfaces.
2024-04-02T12:43:54.359+02:00  INFO 28360 --- [AmazonDemo] [main] o.s.b.w.embedded.tomcat.TomcatWebServer  : Tomcat initialized with port 8080 (http)
2024-04-02T12:43:54.379+02:00  INFO 28360 --- [AmazonDemo] [main] o.apache.catalina.core.StandardService   : Starting service [Tomcat]
2024-04-02T12:43:54.380+02:00  INFO 28360 --- [AmazonDemo] [main] o.apache.catalina.core.StandardEngine    : Starting Servlet engine: [Apache Tomcat/10.1.19]
2024-04-02T12:43:54.510+02:00  INFO 28360 --- [AmazonDemo] [main] o.a.c.c.C.[Tomcat].[localhost].[/]       : Initializing Spring embedded WebApplicationContext
2024-04-02T12:43:54.510+02:00  INFO 28360 --- [AmazonDemo] [main] w.s.c.ServletWebServerApplicationContext : Root WebApplicationContext: initialization completed in 1737 ms
2024-04-02T12:43:54.747+02:00  INFO 28360 --- [AmazonDemo] [main] com.zaxxer.hikari.HikariDataSource       : HikariPool-1 - Starting...
2024-04-02T12:43:55.083+02:00  INFO 28360 --- [AmazonDemo] [main] com.zaxxer.hikari.pool.HikariPool        : HikariPool-1 - Added connection com.mysql.cj.jdbc.ConnectionImpl@7fbd3e75
2024-04-02T12:43:55.085+02:00  INFO 28360 --- [AmazonDemo] [main] com.zaxxer.hikari.HikariDataSource       : HikariPool-1 - Start completed.
2024-04-02T12:43:55.143+02:00  INFO 28360 --- [AmazonDemo] [main] o.hibernate.jpa.internal.util.LogHelper  : HHH000204: Processing PersistenceUnitInfo [name: default]
2024-04-02T12:43:55.234+02:00  INFO 28360 --- [AmazonDemo] [main] org.hibernate.Version                    : HHH000412: Hibernate ORM core version 6.4.4.Final
2024-04-02T12:43:55.320+02:00  INFO 28360 --- [AmazonDemo] [main] o.h.c.internal.RegionFactoryInitiator    : HHH000026: Second-level cache disabled
2024-04-02T12:43:55.683+02:00  INFO 28360 --- [AmazonDemo] [main] o.s.o.j.p.SpringPersistenceUnitInfo      : No LoadTimeWeaver setup: ignoring JPA class transformer
2024-04-02T12:43:56.575+02:00  INFO 28360 --- [AmazonDemo] [main] o.h.e.t.j.p.i.JtaPlatformInitiator       : HHH000489: No JTA platform available (set 'hibernate.transaction.jta.platform' to enable JTA platform integration)
2024-04-02T12:43:56.578+02:00  INFO 28360 --- [AmazonDemo] [main] j.LocalContainerEntityManagerFactoryBean : Initialized JPA EntityManagerFactory for persistence unit 'default'
2024-04-02T12:43:56.929+02:00  INFO 28360 --- [AmazonDemo] [main] o.s.d.j.r.query.QueryEnhancerFactory     : JSqlParser is in classpath; If applicable, JSqlParser will be used
2024-04-02T12:43:56.929+02:00  INFO 28360 --- [AmazonDemo] [main] o.s.d.j.r.query.QueryEnhancerFactory     : Hibernate is in classpath; If applicable, HQL parser will be used.
2024-04-02T12:43:57.466+02:00  WARN 28360 --- [AmazonDemo] [main] JpaBaseConfiguration$JpaWebConfiguration : spring.jpa.open-in-view is enabled by default. Therefore, database queries may be performed during view rendering. Explicitly configure spring.jpa.open-in-view to disable this warning
2024-04-02T12:43:57.908+02:00  INFO 28360 --- [AmazonDemo] [main] o.s.b.w.embedded.tomcat.TomcatWebServer  : Tomcat started on port 8080 (http) with context path ''
2024-04-02T12:43:57.917+02:00  INFO 28360 --- [AmazonDemo] [main] AmazonDemo.AmazonDemoApplication         : Started AmazonDemoApplication in 5.622 seconds (process running for 5.975)
2024-04-02T12:44:11.042+02:00  INFO 28360 --- [AmazonDemo] [http-nio-8080-exec-2] o.a.c.c.C.[Tomcat].[localhost].[/]       : Initializing Spring DispatcherServlet 'dispatcherServlet'
2024-04-02T12:44:11.043+02:00  INFO 28360 --- [AmazonDemo] [http-nio-8080-exec-2] o.s.web.servlet.DispatcherServlet        : Initializing Servlet 'dispatcherServlet'
2024-04-02T12:44:11.044+02:00  INFO 28360 --- [AmazonDemo] [http-nio-8080-exec-2] o.s.web.servlet.DispatcherServlet        : Completed initialization in 1 ms
2024-04-02T13:56:52.452+02:00  INFO 28360 --- [AmazonDemo] [SpringApplicationShutdownHook] j.LocalContainerEntityManagerFactoryBean : Closing JPA EntityManagerFactory for persistence unit 'default'
2024-04-02T13:56:52.459+02:00  INFO 28360 --- [AmazonDemo] [SpringApplicationShutdownHook] com.zaxxer.hikari.HikariDataSource       : HikariPool-1 - Shutdown initiated...
2024-04-02T13:56:52.466+02:00  INFO 28360 --- [AmazonDemo] [SpringApplicationShutdownHook] com.zaxxer.hikari.HikariDataSource       : HikariPool-1 - Shutdown completed.
2024-04-02T13:57:09.006+02:00  INFO 49443 --- [AmazonDemo] [Test worker] AmazonDemo.AmazonDemoApplicationTests    : Starting AmazonDemoApplicationTests using Java 17.0.10 with PID 49443 (started by ant in /home/ant/Documents/Code/Spring/AmazonDemo)
2024-04-02T13:57:09.008+02:00  INFO 49443 --- [AmazonDemo] [Test worker] AmazonDemo.AmazonDemoApplicationTests    : No active profile set, falling back to 1 default profile: "default"
2024-04-02T13:57:09.528+02:00  INFO 49443 --- [AmazonDemo] [Test worker] .s.d.r.c.RepositoryConfigurationDelegate : Multiple Spring Data modules found, entering strict repository configuration mode
2024-04-02T13:57:09.530+02:00  INFO 49443 --- [AmazonDemo] [Test worker] .s.d.r.c.RepositoryConfigurationDelegate : Bootstrapping Spring Data JDBC repositories in DEFAULT mode.
2024-04-02T13:57:09.553+02:00  INFO 49443 --- [AmazonDemo] [Test worker] .RepositoryConfigurationExtensionSupport : Spring Data JDBC - Could not safely identify store assignment for repository candidate interface AmazonDemo.CatFactEntity.CatFactRepository; If you want this repository to be a JDBC repository, consider annotating your entities with one of these annotations: org.springframework.data.relational.core.mapping.Table.
2024-04-02T13:57:09.554+02:00  INFO 49443 --- [AmazonDemo] [Test worker] .RepositoryConfigurationExtensionSupport : Spring Data JDBC - Could not safely identify store assignment for repository candidate interface AmazonDemo.Order.OrderRepository; If you want this repository to be a JDBC repository, consider annotating your entities with one of these annotations: org.springframework.data.relational.core.mapping.Table.
2024-04-02T13:57:09.555+02:00  INFO 49443 --- [AmazonDemo] [Test worker] .RepositoryConfigurationExtensionSupport : Spring Data JDBC - Could not safely identify store assignment for repository candidate interface AmazonDemo.Product.ProductRepository; If you want this repository to be a JDBC repository, consider annotating your entities with one of these annotations: org.springframework.data.relational.core.mapping.Table.
2024-04-02T13:57:09.556+02:00  INFO 49443 --- [AmazonDemo] [Test worker] .s.d.r.c.RepositoryConfigurationDelegate : Finished Spring Data repository scanning in 22 ms. Found 0 JDBC repository interfaces.
2024-04-02T13:57:09.565+02:00  INFO 49443 --- [AmazonDemo] [Test worker] .s.d.r.c.RepositoryConfigurationDelegate : Multiple Spring Data modules found, entering strict repository configuration mode
2024-04-02T13:57:09.566+02:00  INFO 49443 --- [AmazonDemo] [Test worker] .s.d.r.c.RepositoryConfigurationDelegate : Bootstrapping Spring Data JPA repositories in DEFAULT mode.
2024-04-02T13:57:09.594+02:00  INFO 49443 --- [AmazonDemo] [Test worker] .s.d.r.c.RepositoryConfigurationDelegate : Finished Spring Data repository scanning in 25 ms. Found 3 JPA repository interfaces.
2024-04-02T13:57:09.934+02:00  INFO 49443 --- [AmazonDemo] [Test worker] com.zaxxer.hikari.HikariDataSource       : HikariPool-1 - Starting...
2024-04-02T13:57:10.205+02:00  INFO 49443 --- [AmazonDemo] [Test worker] com.zaxxer.hikari.pool.HikariPool        : HikariPool-1 - Added connection com.mysql.cj.jdbc.ConnectionImpl@49c1e294
2024-04-02T13:57:10.206+02:00  INFO 49443 --- [AmazonDemo] [Test worker] com.zaxxer.hikari.HikariDataSource       : HikariPool-1 - Start completed.
2024-04-02T13:57:10.238+02:00  INFO 49443 --- [AmazonDemo] [Test worker] o.hibernate.jpa.internal.util.LogHelper  : HHH000204: Processing PersistenceUnitInfo [name: default]
2024-04-02T13:57:10.276+02:00  INFO 49443 --- [AmazonDemo] [Test worker] org.hibernate.Version                    : HHH000412: Hibernate ORM core version 6.4.4.Final
2024-04-02T13:57:10.305+02:00  INFO 49443 --- [AmazonDemo] [Test worker] o.h.c.internal.RegionFactoryInitiator    : HHH000026: Second-level cache disabled
2024-04-02T13:57:10.494+02:00  INFO 49443 --- [AmazonDemo] [Test worker] o.s.o.j.p.SpringPersistenceUnitInfo      : No LoadTimeWeaver setup: ignoring JPA class transformer
2024-04-02T13:57:11.154+02:00  INFO 49443 --- [AmazonDemo] [Test worker] o.h.e.t.j.p.i.JtaPlatformInitiator       : HHH000489: No JTA platform available (set 'hibernate.transaction.jta.platform' to enable JTA platform integration)
2024-04-02T13:57:11.157+02:00  INFO 49443 --- [AmazonDemo] [Test worker] j.LocalContainerEntityManagerFactoryBean : Initialized JPA EntityManagerFactory for persistence unit 'default'
2024-04-02T13:57:11.428+02:00  INFO 49443 --- [AmazonDemo] [Test worker] o.s.d.j.r.query.QueryEnhancerFactory     : JSqlParser is in classpath; If applicable, JSqlParser will be used
2024-04-02T13:57:11.429+02:00  INFO 49443 --- [AmazonDemo] [Test worker] o.s.d.j.r.query.QueryEnhancerFactory     : Hibernate is in classpath; If applicable, HQL parser will be used.
2024-04-02T13:57:11.894+02:00  WARN 49443 --- [AmazonDemo] [Test worker] JpaBaseConfiguration$JpaWebConfiguration : spring.jpa.open-in-view is enabled by default. Therefore, database queries may be performed during view rendering. Explicitly configure spring.jpa.open-in-view to disable this warning
2024-04-02T13:57:12.304+02:00  INFO 49443 --- [AmazonDemo] [Test worker] AmazonDemo.AmazonDemoApplicationTests    : Started AmazonDemoApplicationTests in 3.541 seconds (process running for 4.469)
2024-04-02T13:57:12.962+02:00  INFO 49443 --- [AmazonDemo] [Test worker] A.P.c.CreateProductCommandHandler        : Creating product using class AmazonDemo.Product.commandhandlers.CreateProductCommandHandler with Product Product(id=1, name=Dark Chocolate, description=Best Chocolate, price=9.99, quantity=10)
2024-04-02T13:57:12.997+02:00  INFO 49443 --- [AmazonDemo] [Test worker] A.P.c.CreateProductCommandHandler        : Creating product using class AmazonDemo.Product.commandhandlers.CreateProductCommandHandler with Product Product(id=1, name=Dark Chocolate, description=Best Chocolate, price=-9.99, quantity=10)
2024-04-02T13:57:12.999+02:00 ERROR 49443 --- [AmazonDemo] [Test worker] A.Exceptions.ProductNotValidException    : Product Not Valid Exception thrown when creating product: Product(id=1, name=Dark Chocolate, description=Best Chocolate, price=-9.99, quantity=10)
2024-04-02T13:57:13.050+02:00  INFO 49443 --- [AmazonDemo] [SpringApplicationShutdownHook] j.LocalContainerEntityManagerFactoryBean : Closing JPA EntityManagerFactory for persistence unit 'default'
2024-04-02T13:57:13.055+02:00  INFO 49443 --- [AmazonDemo] [SpringApplicationShutdownHook] com.zaxxer.hikari.HikariDataSource       : HikariPool-1 - Shutdown initiated...
2024-04-02T13:57:13.065+02:00  INFO 49443 --- [AmazonDemo] [SpringApplicationShutdownHook] com.zaxxer.hikari.HikariDataSource       : HikariPool-1 - Shutdown completed.
2024-04-02T14:13:38.033+02:00  INFO 54651 --- [AmazonDemo] [Test worker] AmazonDemo.AmazonDemoApplicationTests    : Starting AmazonDemoApplicationTests using Java 17.0.10 with PID 54651 (started by ant in /home/ant/Documents/Code/Spring/AmazonDemo)
2024-04-02T14:13:38.037+02:00  INFO 54651 --- [AmazonDemo] [Test worker] AmazonDemo.AmazonDemoApplicationTests    : No active profile set, falling back to 1 default profile: "default"
2024-04-02T14:13:39.022+02:00  INFO 54651 --- [AmazonDemo] [Test worker] .s.d.r.c.RepositoryConfigurationDelegate : Multiple Spring Data modules found, entering strict repository configuration mode
2024-04-02T14:13:39.025+02:00  INFO 54651 --- [AmazonDemo] [Test worker] .s.d.r.c.RepositoryConfigurationDelegate : Bootstrapping Spring Data JDBC repositories in DEFAULT mode.
2024-04-02T14:13:39.078+02:00  INFO 54651 --- [AmazonDemo] [Test worker] .RepositoryConfigurationExtensionSupport : Spring Data JDBC - Could not safely identify store assignment for repository candidate interface AmazonDemo.CatFactEntity.CatFactRepository; If you want this repository to be a JDBC repository, consider annotating your entities with one of these annotations: org.springframework.data.relational.core.mapping.Table.
2024-04-02T14:13:39.080+02:00  INFO 54651 --- [AmazonDemo] [Test worker] .RepositoryConfigurationExtensionSupport : Spring Data JDBC - Could not safely identify store assignment for repository candidate interface AmazonDemo.Order.OrderRepository; If you want this repository to be a JDBC repository, consider annotating your entities with one of these annotations: org.springframework.data.relational.core.mapping.Table.
2024-04-02T14:13:39.081+02:00  INFO 54651 --- [AmazonDemo] [Test worker] .RepositoryConfigurationExtensionSupport : Spring Data JDBC - Could not safely identify store assignment for repository candidate interface AmazonDemo.Product.ProductRepository; If you want this repository to be a JDBC repository, consider annotating your entities with one of these annotations: org.springframework.data.relational.core.mapping.Table.
2024-04-02T14:13:39.082+02:00  INFO 54651 --- [AmazonDemo] [Test worker] .s.d.r.c.RepositoryConfigurationDelegate : Finished Spring Data repository scanning in 51 ms. Found 0 JDBC repository interfaces.
2024-04-02T14:13:39.101+02:00  INFO 54651 --- [AmazonDemo] [Test worker] .s.d.r.c.RepositoryConfigurationDelegate : Multiple Spring Data modules found, entering strict repository configuration mode
2024-04-02T14:13:39.103+02:00  INFO 54651 --- [AmazonDemo] [Test worker] .s.d.r.c.RepositoryConfigurationDelegate : Bootstrapping Spring Data JPA repositories in DEFAULT mode.
2024-04-02T14:13:39.139+02:00  INFO 54651 --- [AmazonDemo] [Test worker] .s.d.r.c.RepositoryConfigurationDelegate : Finished Spring Data repository scanning in 31 ms. Found 3 JPA repository interfaces.
2024-04-02T14:13:39.699+02:00  INFO 54651 --- [AmazonDemo] [Test worker] com.zaxxer.hikari.HikariDataSource       : HikariPool-1 - Starting...
2024-04-02T14:13:40.103+02:00  INFO 54651 --- [AmazonDemo] [Test worker] com.zaxxer.hikari.pool.HikariPool        : HikariPool-1 - Added connection com.mysql.cj.jdbc.ConnectionImpl@1860a7a1
2024-04-02T14:13:40.107+02:00  INFO 54651 --- [AmazonDemo] [Test worker] com.zaxxer.hikari.HikariDataSource       : HikariPool-1 - Start completed.
2024-04-02T14:13:40.151+02:00  INFO 54651 --- [AmazonDemo] [Test worker] o.hibernate.jpa.internal.util.LogHelper  : HHH000204: Processing PersistenceUnitInfo [name: default]
2024-04-02T14:13:40.196+02:00  INFO 54651 --- [AmazonDemo] [Test worker] org.hibernate.Version                    : HHH000412: Hibernate ORM core version 6.4.4.Final
2024-04-02T14:13:40.234+02:00  INFO 54651 --- [AmazonDemo] [Test worker] o.h.c.internal.RegionFactoryInitiator    : HHH000026: Second-level cache disabled
2024-04-02T14:13:40.533+02:00  INFO 54651 --- [AmazonDemo] [Test worker] o.s.o.j.p.SpringPersistenceUnitInfo      : No LoadTimeWeaver setup: ignoring JPA class transformer
2024-04-02T14:13:41.463+02:00  INFO 54651 --- [AmazonDemo] [Test worker] o.h.e.t.j.p.i.JtaPlatformInitiator       : HHH000489: No JTA platform available (set 'hibernate.transaction.jta.platform' to enable JTA platform integration)
2024-04-02T14:13:41.467+02:00  INFO 54651 --- [AmazonDemo] [Test worker] j.LocalContainerEntityManagerFactoryBean : Initialized JPA EntityManagerFactory for persistence unit 'default'
2024-04-02T14:13:41.901+02:00  INFO 54651 --- [AmazonDemo] [Test worker] o.s.d.j.r.query.QueryEnhancerFactory     : JSqlParser is in classpath; If applicable, JSqlParser will be used
2024-04-02T14:13:41.901+02:00  INFO 54651 --- [AmazonDemo] [Test worker] o.s.d.j.r.query.QueryEnhancerFactory     : Hibernate is in classpath; If applicable, HQL parser will be used.
2024-04-02T14:13:42.573+02:00  WARN 54651 --- [AmazonDemo] [Test worker] JpaBaseConfiguration$JpaWebConfiguration : spring.jpa.open-in-view is enabled by default. Therefore, database queries may be performed during view rendering. Explicitly configure spring.jpa.open-in-view to disable this warning
2024-04-02T14:13:43.035+02:00  WARN 54651 --- [AmazonDemo] [Test worker] .s.s.UserDetailsServiceAutoConfiguration : 

Using generated security password: 5a88e108-2c08-4f02-b1a9-6981e9845252

This generated password is for development use only. Your security configuration must be updated before running your application in production.

2024-04-02T14:13:43.166+02:00  INFO 54651 --- [AmazonDemo] [Test worker] o.s.s.web.DefaultSecurityFilterChain     : Will secure any request with [org.springframework.security.web.session.DisableEncodeUrlFilter@69dc0dd1, org.springframework.security.web.context.request.async.WebAsyncManagerIntegrationFilter@9d10078, org.springframework.security.web.context.SecurityContextHolderFilter@aad1270, org.springframework.security.web.header.HeaderWriterFilter@201a84e1, org.springframework.web.filter.CorsFilter@6587c92f, org.springframework.security.web.csrf.CsrfFilter@7fe1a856, org.springframework.security.web.authentication.logout.LogoutFilter@204d101, org.springframework.security.web.authentication.UsernamePasswordAuthenticationFilter@650ee893, org.springframework.security.web.authentication.ui.DefaultLoginPageGeneratingFilter@40a0364a, org.springframework.security.web.authentication.ui.DefaultLogoutPageGeneratingFilter@537979aa, org.springframework.security.web.authentication.www.BasicAuthenticationFilter@704205ef, org.springframework.security.web.savedrequest.RequestCacheAwareFilter@6e5dc02d, org.springframework.security.web.servletapi.SecurityContextHolderAwareRequestFilter@7e4f5062, org.springframework.security.web.authentication.AnonymousAuthenticationFilter@5ac25491, org.springframework.security.web.access.ExceptionTranslationFilter@347c7b, org.springframework.security.web.access.intercept.AuthorizationFilter@582ea857]
2024-04-02T14:13:43.232+02:00  INFO 54651 --- [AmazonDemo] [Test worker] AmazonDemo.AmazonDemoApplicationTests    : Started AmazonDemoApplicationTests in 5.589 seconds (process running for 7.047)
2024-04-02T14:13:44.278+02:00  INFO 54651 --- [AmazonDemo] [Test worker] A.P.c.CreateProductCommandHandler        : Creating product using class AmazonDemo.Product.commandhandlers.CreateProductCommandHandler with Product Product(id=1, name=Dark Chocolate, description=Best Chocolate, price=9.99, quantity=10)
2024-04-02T14:13:44.334+02:00  INFO 54651 --- [AmazonDemo] [Test worker] A.P.c.CreateProductCommandHandler        : Creating product using class AmazonDemo.Product.commandhandlers.CreateProductCommandHandler with Product Product(id=1, name=Dark Chocolate, description=Best Chocolate, price=-9.99, quantity=10)
2024-04-02T14:13:44.336+02:00 ERROR 54651 --- [AmazonDemo] [Test worker] A.Exceptions.ProductNotValidException    : Product Not Valid Exception thrown when creating product: Product(id=1, name=Dark Chocolate, description=Best Chocolate, price=-9.99, quantity=10)
2024-04-02T14:13:44.437+02:00  INFO 54651 --- [AmazonDemo] [SpringApplicationShutdownHook] j.LocalContainerEntityManagerFactoryBean : Closing JPA EntityManagerFactory for persistence unit 'default'
2024-04-02T14:13:44.444+02:00  INFO 54651 --- [AmazonDemo] [SpringApplicationShutdownHook] com.zaxxer.hikari.HikariDataSource       : HikariPool-1 - Shutdown initiated...
2024-04-02T14:13:44.475+02:00  INFO 54651 --- [AmazonDemo] [SpringApplicationShutdownHook] com.zaxxer.hikari.HikariDataSource       : HikariPool-1 - Shutdown completed.
2024-04-02T14:15:00.721+02:00  INFO 55202 --- [AmazonDemo] [main] AmazonDemo.AmazonDemoApplication         : Starting AmazonDemoApplication using Java 17.0.10 with PID 55202 (/home/ant/Documents/Code/Spring/AmazonDemo/bin/main started by ant in /home/ant/Documents/Code/Spring/AmazonDemo)
2024-04-02T14:15:00.723+02:00  INFO 55202 --- [AmazonDemo] [main] AmazonDemo.AmazonDemoApplication         : No active profile set, falling back to 1 default profile: "default"
2024-04-02T14:15:01.406+02:00  INFO 55202 --- [AmazonDemo] [main] .s.d.r.c.RepositoryConfigurationDelegate : Multiple Spring Data modules found, entering strict repository configuration mode
2024-04-02T14:15:01.407+02:00  INFO 55202 --- [AmazonDemo] [main] .s.d.r.c.RepositoryConfigurationDelegate : Bootstrapping Spring Data JDBC repositories in DEFAULT mode.
2024-04-02T14:15:01.452+02:00  INFO 55202 --- [AmazonDemo] [main] .RepositoryConfigurationExtensionSupport : Spring Data JDBC - Could not safely identify store assignment for repository candidate interface AmazonDemo.CatFactEntity.CatFactRepository; If you want this repository to be a JDBC repository, consider annotating your entities with one of these annotations: org.springframework.data.relational.core.mapping.Table.
2024-04-02T14:15:01.454+02:00  INFO 55202 --- [AmazonDemo] [main] .RepositoryConfigurationExtensionSupport : Spring Data JDBC - Could not safely identify store assignment for repository candidate interface AmazonDemo.Order.OrderRepository; If you want this repository to be a JDBC repository, consider annotating your entities with one of these annotations: org.springframework.data.relational.core.mapping.Table.
2024-04-02T14:15:01.456+02:00  INFO 55202 --- [AmazonDemo] [main] .RepositoryConfigurationExtensionSupport : Spring Data JDBC - Could not safely identify store assignment for repository candidate interface AmazonDemo.Product.ProductRepository; If you want this repository to be a JDBC repository, consider annotating your entities with one of these annotations: org.springframework.data.relational.core.mapping.Table.
2024-04-02T14:15:01.458+02:00  INFO 55202 --- [AmazonDemo] [main] .s.d.r.c.RepositoryConfigurationDelegate : Finished Spring Data repository scanning in 47 ms. Found 0 JDBC repository interfaces.
2024-04-02T14:15:01.492+02:00  INFO 55202 --- [AmazonDemo] [main] .s.d.r.c.RepositoryConfigurationDelegate : Multiple Spring Data modules found, entering strict repository configuration mode
2024-04-02T14:15:01.494+02:00  INFO 55202 --- [AmazonDemo] [main] .s.d.r.c.RepositoryConfigurationDelegate : Bootstrapping Spring Data JPA repositories in DEFAULT mode.
2024-04-02T14:15:01.537+02:00  INFO 55202 --- [AmazonDemo] [main] .s.d.r.c.RepositoryConfigurationDelegate : Finished Spring Data repository scanning in 36 ms. Found 3 JPA repository interfaces.
2024-04-02T14:15:02.160+02:00  INFO 55202 --- [AmazonDemo] [main] o.s.b.w.embedded.tomcat.TomcatWebServer  : Tomcat initialized with port 8080 (http)
2024-04-02T14:15:02.173+02:00  INFO 55202 --- [AmazonDemo] [main] o.apache.catalina.core.StandardService   : Starting service [Tomcat]
2024-04-02T14:15:02.174+02:00  INFO 55202 --- [AmazonDemo] [main] o.apache.catalina.core.StandardEngine    : Starting Servlet engine: [Apache Tomcat/10.1.19]
2024-04-02T14:15:02.234+02:00  INFO 55202 --- [AmazonDemo] [main] o.a.c.c.C.[Tomcat].[localhost].[/]       : Initializing Spring embedded WebApplicationContext
2024-04-02T14:15:02.235+02:00  INFO 55202 --- [AmazonDemo] [main] w.s.c.ServletWebServerApplicationContext : Root WebApplicationContext: initialization completed in 1448 ms
2024-04-02T14:15:02.401+02:00  INFO 55202 --- [AmazonDemo] [main] com.zaxxer.hikari.HikariDataSource       : HikariPool-1 - Starting...
2024-04-02T14:15:02.694+02:00  INFO 55202 --- [AmazonDemo] [main] com.zaxxer.hikari.pool.HikariPool        : HikariPool-1 - Added connection com.mysql.cj.jdbc.ConnectionImpl@5e50df2e
2024-04-02T14:15:02.696+02:00  INFO 55202 --- [AmazonDemo] [main] com.zaxxer.hikari.HikariDataSource       : HikariPool-1 - Start completed.
2024-04-02T14:15:02.744+02:00  INFO 55202 --- [AmazonDemo] [main] o.hibernate.jpa.internal.util.LogHelper  : HHH000204: Processing PersistenceUnitInfo [name: default]
2024-04-02T14:15:02.786+02:00  INFO 55202 --- [AmazonDemo] [main] org.hibernate.Version                    : HHH000412: Hibernate ORM core version 6.4.4.Final
2024-04-02T14:15:02.816+02:00  INFO 55202 --- [AmazonDemo] [main] o.h.c.internal.RegionFactoryInitiator    : HHH000026: Second-level cache disabled
2024-04-02T14:15:03.038+02:00  INFO 55202 --- [AmazonDemo] [main] o.s.o.j.p.SpringPersistenceUnitInfo      : No LoadTimeWeaver setup: ignoring JPA class transformer
2024-04-02T14:15:03.772+02:00  INFO 55202 --- [AmazonDemo] [main] o.h.e.t.j.p.i.JtaPlatformInitiator       : HHH000489: No JTA platform available (set 'hibernate.transaction.jta.platform' to enable JTA platform integration)
2024-04-02T14:15:03.775+02:00  INFO 55202 --- [AmazonDemo] [main] j.LocalContainerEntityManagerFactoryBean : Initialized JPA EntityManagerFactory for persistence unit 'default'
2024-04-02T14:15:04.163+02:00  INFO 55202 --- [AmazonDemo] [main] o.s.d.j.r.query.QueryEnhancerFactory     : JSqlParser is in classpath; If applicable, JSqlParser will be used
2024-04-02T14:15:04.164+02:00  INFO 55202 --- [AmazonDemo] [main] o.s.d.j.r.query.QueryEnhancerFactory     : Hibernate is in classpath; If applicable, HQL parser will be used.
2024-04-02T14:15:04.635+02:00  WARN 55202 --- [AmazonDemo] [main] JpaBaseConfiguration$JpaWebConfiguration : spring.jpa.open-in-view is enabled by default. Therefore, database queries may be performed during view rendering. Explicitly configure spring.jpa.open-in-view to disable this warning
2024-04-02T14:15:04.996+02:00  WARN 55202 --- [AmazonDemo] [main] .s.s.UserDetailsServiceAutoConfiguration : 

Using generated security password: 7453fa58-e244-4502-86e1-aea549acd85a

This generated password is for development use only. Your security configuration must be updated before running your application in production.

2024-04-02T14:15:05.120+02:00  INFO 55202 --- [AmazonDemo] [main] o.s.s.web.DefaultSecurityFilterChain     : Will secure any request with [org.springframework.security.web.session.DisableEncodeUrlFilter@466a5b80, org.springframework.security.web.context.request.async.WebAsyncManagerIntegrationFilter@f6921b7, org.springframework.security.web.context.SecurityContextHolderFilter@5dce3e82, org.springframework.security.web.header.HeaderWriterFilter@637bf67c, org.springframework.web.filter.CorsFilter@19cee7ed, org.springframework.security.web.csrf.CsrfFilter@e316971, org.springframework.security.web.authentication.logout.LogoutFilter@1e95fc31, org.springframework.security.web.authentication.UsernamePasswordAuthenticationFilter@4addfb95, org.springframework.security.web.authentication.ui.DefaultLoginPageGeneratingFilter@6a6a60f3, org.springframework.security.web.authentication.ui.DefaultLogoutPageGeneratingFilter@4e8e0052, org.springframework.security.web.authentication.www.BasicAuthenticationFilter@c88a842, org.springframework.security.web.savedrequest.RequestCacheAwareFilter@5ce59833, org.springframework.security.web.servletapi.SecurityContextHolderAwareRequestFilter@1ccdc8c8, org.springframework.security.web.authentication.AnonymousAuthenticationFilter@5a2ce458, org.springframework.security.web.access.ExceptionTranslationFilter@3c12f87d, org.springframework.security.web.access.intercept.AuthorizationFilter@567412db]
2024-04-02T14:15:05.174+02:00  INFO 55202 --- [AmazonDemo] [main] o.s.b.w.embedded.tomcat.TomcatWebServer  : Tomcat started on port 8080 (http) with context path ''
2024-04-02T14:15:05.185+02:00  INFO 55202 --- [AmazonDemo] [main] AmazonDemo.AmazonDemoApplication         : Started AmazonDemoApplication in 4.843 seconds (process running for 5.12)
2024-04-02T14:15:24.544+02:00  INFO 55202 --- [AmazonDemo] [http-nio-8080-exec-1] o.a.c.c.C.[Tomcat].[localhost].[/]       : Initializing Spring DispatcherServlet 'dispatcherServlet'
2024-04-02T14:15:24.545+02:00  INFO 55202 --- [AmazonDemo] [http-nio-8080-exec-1] o.s.web.servlet.DispatcherServlet        : Initializing Servlet 'dispatcherServlet'
2024-04-02T14:15:24.548+02:00  INFO 55202 --- [AmazonDemo] [http-nio-8080-exec-1] o.s.web.servlet.DispatcherServlet        : Completed initialization in 2 ms
2024-04-02T14:17:56.827+02:00  INFO 55202 --- [AmazonDemo] [SpringApplicationShutdownHook] j.LocalContainerEntityManagerFactoryBean : Closing JPA EntityManagerFactory for persistence unit 'default'
2024-04-02T14:17:56.830+02:00  INFO 55202 --- [AmazonDemo] [SpringApplicationShutdownHook] com.zaxxer.hikari.HikariDataSource       : HikariPool-1 - Shutdown initiated...
2024-04-02T14:17:56.838+02:00  INFO 55202 --- [AmazonDemo] [SpringApplicationShutdownHook] com.zaxxer.hikari.HikariDataSource       : HikariPool-1 - Shutdown completed.
2024-04-02T16:54:18.921+02:00  INFO 7795 --- [AmazonDemo] [main] AmazonDemo.AmazonDemoApplication         : Starting AmazonDemoApplication using Java 17.0.10 with PID 7795 (/home/ant/Documents/Code/Spring/AmazonDemo/bin/main started by ant in /home/ant/Documents/Code/Spring/AmazonDemo)
2024-04-02T16:54:18.924+02:00  INFO 7795 --- [AmazonDemo] [main] AmazonDemo.AmazonDemoApplication         : No active profile set, falling back to 1 default profile: "default"
2024-04-02T16:54:19.559+02:00  INFO 7795 --- [AmazonDemo] [main] .s.d.r.c.RepositoryConfigurationDelegate : Multiple Spring Data modules found, entering strict repository configuration mode
2024-04-02T16:54:19.560+02:00  INFO 7795 --- [AmazonDemo] [main] .s.d.r.c.RepositoryConfigurationDelegate : Bootstrapping Spring Data JDBC repositories in DEFAULT mode.
2024-04-02T16:54:19.606+02:00  INFO 7795 --- [AmazonDemo] [main] .RepositoryConfigurationExtensionSupport : Spring Data JDBC - Could not safely identify store assignment for repository candidate interface AmazonDemo.CatFactEntity.CatFactRepository; If you want this repository to be a JDBC repository, consider annotating your entities with one of these annotations: org.springframework.data.relational.core.mapping.Table.
2024-04-02T16:54:19.607+02:00  INFO 7795 --- [AmazonDemo] [main] .RepositoryConfigurationExtensionSupport : Spring Data JDBC - Could not safely identify store assignment for repository candidate interface AmazonDemo.Order.OrderRepository; If you want this repository to be a JDBC repository, consider annotating your entities with one of these annotations: org.springframework.data.relational.core.mapping.Table.
2024-04-02T16:54:19.608+02:00  INFO 7795 --- [AmazonDemo] [main] .RepositoryConfigurationExtensionSupport : Spring Data JDBC - Could not safely identify store assignment for repository candidate interface AmazonDemo.Product.ProductRepository; If you want this repository to be a JDBC repository, consider annotating your entities with one of these annotations: org.springframework.data.relational.core.mapping.Table.
2024-04-02T16:54:19.609+02:00  INFO 7795 --- [AmazonDemo] [main] .s.d.r.c.RepositoryConfigurationDelegate : Finished Spring Data repository scanning in 45 ms. Found 0 JDBC repository interfaces.
2024-04-02T16:54:19.630+02:00  INFO 7795 --- [AmazonDemo] [main] .s.d.r.c.RepositoryConfigurationDelegate : Multiple Spring Data modules found, entering strict repository configuration mode
2024-04-02T16:54:19.631+02:00  INFO 7795 --- [AmazonDemo] [main] .s.d.r.c.RepositoryConfigurationDelegate : Bootstrapping Spring Data JPA repositories in DEFAULT mode.
2024-04-02T16:54:19.670+02:00  INFO 7795 --- [AmazonDemo] [main] .s.d.r.c.RepositoryConfigurationDelegate : Finished Spring Data repository scanning in 34 ms. Found 3 JPA repository interfaces.
2024-04-02T16:54:20.157+02:00  INFO 7795 --- [AmazonDemo] [main] o.s.b.w.embedded.tomcat.TomcatWebServer  : Tomcat initialized with port 8080 (http)
2024-04-02T16:54:20.168+02:00  INFO 7795 --- [AmazonDemo] [main] o.apache.catalina.core.StandardService   : Starting service [Tomcat]
2024-04-02T16:54:20.168+02:00  INFO 7795 --- [AmazonDemo] [main] o.apache.catalina.core.StandardEngine    : Starting Servlet engine: [Apache Tomcat/10.1.19]
2024-04-02T16:54:20.224+02:00  INFO 7795 --- [AmazonDemo] [main] o.a.c.c.C.[Tomcat].[localhost].[/]       : Initializing Spring embedded WebApplicationContext
2024-04-02T16:54:20.224+02:00  INFO 7795 --- [AmazonDemo] [main] w.s.c.ServletWebServerApplicationContext : Root WebApplicationContext: initialization completed in 1246 ms
2024-04-02T16:54:20.351+02:00  INFO 7795 --- [AmazonDemo] [main] com.zaxxer.hikari.HikariDataSource       : HikariPool-1 - Starting...
2024-04-02T16:54:20.629+02:00  INFO 7795 --- [AmazonDemo] [main] com.zaxxer.hikari.pool.HikariPool        : HikariPool-1 - Added connection com.mysql.cj.jdbc.ConnectionImpl@29f3c438
2024-04-02T16:54:20.631+02:00  INFO 7795 --- [AmazonDemo] [main] com.zaxxer.hikari.HikariDataSource       : HikariPool-1 - Start completed.
2024-04-02T16:54:20.669+02:00  INFO 7795 --- [AmazonDemo] [main] o.hibernate.jpa.internal.util.LogHelper  : HHH000204: Processing PersistenceUnitInfo [name: default]
2024-04-02T16:54:20.720+02:00  INFO 7795 --- [AmazonDemo] [main] org.hibernate.Version                    : HHH000412: Hibernate ORM core version 6.4.4.Final
2024-04-02T16:54:20.756+02:00  INFO 7795 --- [AmazonDemo] [main] o.h.c.internal.RegionFactoryInitiator    : HHH000026: Second-level cache disabled
2024-04-02T16:54:20.987+02:00  INFO 7795 --- [AmazonDemo] [main] o.s.o.j.p.SpringPersistenceUnitInfo      : No LoadTimeWeaver setup: ignoring JPA class transformer
2024-04-02T16:54:21.690+02:00  INFO 7795 --- [AmazonDemo] [main] o.h.e.t.j.p.i.JtaPlatformInitiator       : HHH000489: No JTA platform available (set 'hibernate.transaction.jta.platform' to enable JTA platform integration)
2024-04-02T16:54:21.693+02:00  INFO 7795 --- [AmazonDemo] [main] j.LocalContainerEntityManagerFactoryBean : Initialized JPA EntityManagerFactory for persistence unit 'default'
2024-04-02T16:54:21.978+02:00  INFO 7795 --- [AmazonDemo] [main] o.s.d.j.r.query.QueryEnhancerFactory     : JSqlParser is in classpath; If applicable, JSqlParser will be used
2024-04-02T16:54:21.978+02:00  INFO 7795 --- [AmazonDemo] [main] o.s.d.j.r.query.QueryEnhancerFactory     : Hibernate is in classpath; If applicable, HQL parser will be used.
2024-04-02T16:54:22.449+02:00  WARN 7795 --- [AmazonDemo] [main] JpaBaseConfiguration$JpaWebConfiguration : spring.jpa.open-in-view is enabled by default. Therefore, database queries may be performed during view rendering. Explicitly configure spring.jpa.open-in-view to disable this warning
2024-04-02T16:54:22.673+02:00  INFO 7795 --- [AmazonDemo] [main] o.s.s.web.DefaultSecurityFilterChain     : Will secure any request with [org.springframework.security.web.session.DisableEncodeUrlFilter@7cc966a9, org.springframework.security.web.context.request.async.WebAsyncManagerIntegrationFilter@77fd5501, org.springframework.security.web.context.SecurityContextHolderFilter@1fbd0850, org.springframework.security.web.header.HeaderWriterFilter@7ee6d5fd, org.springframework.web.filter.CorsFilter@7c144349, org.springframework.security.web.csrf.CsrfFilter@63236968, org.springframework.security.web.authentication.logout.LogoutFilter@23471f48, org.springframework.security.web.authentication.UsernamePasswordAuthenticationFilter@17c7cc93, org.springframework.security.web.authentication.ui.DefaultLoginPageGeneratingFilter@7b842e79, org.springframework.security.web.authentication.ui.DefaultLogoutPageGeneratingFilter@93cc5eb, org.springframework.security.web.savedrequest.RequestCacheAwareFilter@3f808ad9, org.springframework.security.web.servletapi.SecurityContextHolderAwareRequestFilter@37a74cf4, org.springframework.security.web.authentication.AnonymousAuthenticationFilter@3ef7064b, org.springframework.security.web.access.ExceptionTranslationFilter@a589070, org.springframework.security.web.access.intercept.AuthorizationFilter@1400984b]
2024-04-02T16:54:22.904+02:00  INFO 7795 --- [AmazonDemo] [main] o.s.b.w.embedded.tomcat.TomcatWebServer  : Tomcat started on port 8080 (http) with context path ''
2024-04-02T16:54:22.914+02:00  INFO 7795 --- [AmazonDemo] [main] AmazonDemo.AmazonDemoApplication         : Started AmazonDemoApplication in 4.352 seconds (process running for 4.631)
2024-04-02T16:54:28.108+02:00  INFO 7795 --- [AmazonDemo] [http-nio-8080-exec-1] o.a.c.c.C.[Tomcat].[localhost].[/]       : Initializing Spring DispatcherServlet 'dispatcherServlet'
2024-04-02T16:54:28.109+02:00  INFO 7795 --- [AmazonDemo] [http-nio-8080-exec-1] o.s.web.servlet.DispatcherServlet        : Initializing Servlet 'dispatcherServlet'
2024-04-02T16:54:28.111+02:00  INFO 7795 --- [AmazonDemo] [http-nio-8080-exec-1] o.s.web.servlet.DispatcherServlet        : Completed initialization in 1 ms
2024-04-02T16:59:06.487+02:00  INFO 7795 --- [AmazonDemo] [SpringApplicationShutdownHook] j.LocalContainerEntityManagerFactoryBean : Closing JPA EntityManagerFactory for persistence unit 'default'
2024-04-02T16:59:06.491+02:00  INFO 7795 --- [AmazonDemo] [SpringApplicationShutdownHook] com.zaxxer.hikari.HikariDataSource       : HikariPool-1 - Shutdown initiated...
2024-04-02T16:59:06.501+02:00  INFO 7795 --- [AmazonDemo] [SpringApplicationShutdownHook] com.zaxxer.hikari.HikariDataSource       : HikariPool-1 - Shutdown completed.
